<?xml version="1.0" encoding="UTF-8"?>
<!-- Generated by org.testng.reporters.JUnitReportReporter -->
<testsuite hostname="DESKTOP-1LADBUJ" failures="0" tests="1" name="requests.Postrequest" time="2.527" errors="0" timestamp="2021-07-20T19:04:36 IST" skipped="0">
  <testcase classname="requests.Postrequest" name="testPost" time="2.527"/>
  <system-out/>
</testsuite> <!-- requests.Postrequest -->
