<?xml version="1.0" encoding="UTF-8"?>
<!-- Generated by org.testng.reporters.JUnitReportReporter -->
<testsuite hostname="DESKTOP-1LADBUJ" failures="0" tests="1" name="requests.Get_reqres" time="5.725" errors="0" timestamp="2021-07-23T22:24:08 IST" skipped="0">
  <testcase classname="requests.Get_reqres" name="request" time="5.725"/>
  <system-out/>
</testsuite> <!-- requests.Get_reqres -->
