<?xml version="1.0" encoding="UTF-8"?>
<!-- Generated by org.testng.reporters.JUnitReportReporter -->
<testsuite hostname="DESKTOP-1LADBUJ" failures="0" tests="1" name="requests.Putrequest" time="2.575" errors="0" timestamp="2021-07-24T12:11:41 IST" skipped="0">
  <testcase classname="requests.Putrequest" name="testPut" time="2.575"/>
  <system-out/>
</testsuite> <!-- requests.Putrequest -->
