<?xml version="1.0" encoding="UTF-8"?>
<!-- Generated by org.testng.reporters.JUnitReportReporter -->
<testsuite hostname="DESKTOP-1LADBUJ" failures="0" tests="1" name="requests.Getrequest" time="7.838" errors="0" timestamp="2021-07-24T14:09:59 IST" skipped="0">
  <testcase classname="requests.Getrequest" name="request" time="7.838"/>
  <system-out/>
</testsuite> <!-- requests.Getrequest -->
