<?xml version="1.0" encoding="UTF-8"?>
<!-- Generated by org.testng.reporters.JUnitReportReporter -->
<testsuite hostname="DESKTOP-1LADBUJ" failures="0" tests="1" name="requests.Deleterequest" time="3.157" errors="0" timestamp="2021-07-20T19:04:18 IST" skipped="0">
  <testcase classname="requests.Deleterequest" name="Deletedata" time="3.157"/>
  <system-out/>
</testsuite> <!-- requests.Deleterequest -->
